2026.01.28 22:21:37 INFO  Started: Metals version 1.6.5 in folders '/home/dumpy/Projects/autolink/testing/dynamodb-test' for client Visual Studio Code 1.100.2.
2026.01.28 22:21:37 INFO  Memory monitor started
2026.01.28 22:21:38 WARN  Using H2 2.4.240 which is newer than the version Flyway has been verified with. The latest verified version of H2 is 2.3.232.
2026.01.28 22:21:39 WARN  no build tool detected in workspace '/home/dumpy/Projects/autolink/testing/dynamodb-test'. The most common cause for this problem is that the editor was opened in the wrong working directory, for example if you use sbt then the workspace directory should contain build.sbt. 
2026.01.28 22:21:39 WARN  Build server is not auto-connectable.
2026.01.28 22:21:39 WARN  no build target for: /home/dumpy/Projects/autolink/testing/dynamodb-test/DynamoDBReadWrite.java
Jan 28, 2026 10:22:44 PM org.eclipse.lsp4j.jsonrpc.services.GenericEndpoint notify
INFO: Unsupported notification method: $/setTrace
Jan 28, 2026 10:22:46 PM org.eclipse.lsp4j.jsonrpc.services.GenericEndpoint notify
INFO: Unsupported notification method: $/setTrace
2026.01.28 22:23:21 WARN  no build target for: /home/dumpy/Projects/autolink/testing/dynamodb-test/DynamoDBReadWrite.java
2026.01.28 22:23:21 INFO  no build target found for /home/dumpy/Projects/autolink/testing/dynamodb-test/DynamoDBReadWrite.java. Using fallback presentation compiler.
2026.01.28 22:24:24 INFO  Shutting down server
2026.01.28 22:24:24 INFO  Memory monitor stopped
2026.01.28 22:24:24 INFO  shutting down Metals
2026.01.28 22:24:24 INFO  Exiting server
2026.01.28 22:25:30 INFO  Started: Metals version 1.6.5 in folders '/home/dumpy/Projects/autolink/testing/dynamodb-test' for client Visual Studio Code 1.100.2.
2026.01.28 22:25:30 INFO  Memory monitor started
2026.01.28 22:25:33 WARN  Using H2 2.4.240 which is newer than the version Flyway has been verified with. The latest verified version of H2 is 2.3.232.
2026.01.28 22:25:33 INFO  no build target found for /home/dumpy/Projects/autolink/testing/dynamodb-test/DynamoDBReadWrite.java. Using fallback presentation compiler.
2026.01.28 22:25:36 INFO  no build target found for /home/dumpy/Projects/autolink/testing/dynamodb-test/DynamoDBReadWrite.java. Using fallback presentation compiler.
2026.01.28 22:25:37 INFO  no build target found for /home/dumpy/Projects/autolink/testing/dynamodb-test/DynamoDBReadWrite.java. Using fallback presentation compiler.
2026.01.28 22:25:37 WARN  no build tool detected in workspace '/home/dumpy/Projects/autolink/testing/dynamodb-test'. The most common cause for this problem is that the editor was opened in the wrong working directory, for example if you use sbt then the workspace directory should contain build.sbt. 
2026.01.28 22:25:37 WARN  Build server is not auto-connectable.
2026.01.28 22:25:37 WARN  no build target for: /home/dumpy/Projects/autolink/testing/dynamodb-test/DynamoDBReadWrite.java
2026.01.28 22:25:36 INFO  no build target found for /home/dumpy/Projects/autolink/testing/dynamodb-test/DynamoDBReadWrite.java. Using fallback presentation compiler.
2026.01.28 22:25:40 INFO  no build target found for /home/dumpy/Projects/autolink/testing/dynamodb-test/DynamoDBReadWrite.java. Using fallback presentation compiler.
Jan 28, 2026 10:25:40 PM org.eclipse.lsp4j.jsonrpc.RemoteEndpoint handleCancellation
WARNING: Unmatched cancel notification for request id 9
2026.01.28 22:25:40 INFO  no build target found for /home/dumpy/Projects/autolink/testing/dynamodb-test/DynamoDBReadWrite.java. Using fallback presentation compiler.
2026.01.28 22:25:42 INFO  no build target found for /home/dumpy/Projects/autolink/testing/dynamodb-test/DynamoDBReadWrite.java. Using fallback presentation compiler.
2026.01.28 22:25:42 INFO  no build target found for /home/dumpy/Projects/autolink/testing/dynamodb-test/DynamoDBReadWrite.java. Using fallback presentation compiler.
Jan 28, 2026 10:25:42 PM org.eclipse.lsp4j.jsonrpc.RemoteEndpoint handleCancellation
WARNING: Unmatched cancel notification for request id 11
2026.01.28 22:25:42 INFO  no build target found for /home/dumpy/Projects/autolink/testing/dynamodb-test/DynamoDBReadWrite.java. Using fallback presentation compiler.
2026.01.28 22:25:42 INFO  no build target found for /home/dumpy/Projects/autolink/testing/dynamodb-test/DynamoDBReadWrite.java. Using fallback presentation compiler.
Jan 28, 2026 10:25:42 PM org.eclipse.lsp4j.jsonrpc.RemoteEndpoint handleCancellation
WARNING: Unmatched cancel notification for request id 13
Jan 28, 2026 10:25:42 PM org.eclipse.lsp4j.jsonrpc.RemoteEndpoint handleCancellation
WARNING: Unmatched cancel notification for request id 14
2026.01.28 22:25:42 INFO  no build target found for /home/dumpy/Projects/autolink/testing/dynamodb-test/DynamoDBReadWrite.java. Using fallback presentation compiler.
2026.01.28 22:25:43 INFO  time: code lens generation in 5.95s
Jan 28, 2026 10:25:43 PM org.eclipse.lsp4j.jsonrpc.RemoteEndpoint handleCancellation
WARNING: Unmatched cancel notification for request id 15
2026.01.28 22:25:43 INFO  no build target found for /home/dumpy/Projects/autolink/testing/dynamodb-test/DynamoDBReadWrite.java. Using fallback presentation compiler.
Jan 28, 2026 10:25:44 PM org.eclipse.lsp4j.jsonrpc.RemoteEndpoint handleCancellation
WARNING: Unmatched cancel notification for request id 17
2026.01.28 22:25:48 INFO  no build target found for /home/dumpy/Projects/autolink/testing/dynamodb-test/DynamoDBReadWrite.java. Using fallback presentation compiler.
2026.01.28 22:25:54 INFO  no build target found for /home/dumpy/Projects/autolink/testing/dynamodb-test/DynamoDBReadWrite.java. Using fallback presentation compiler.
2026.01.28 22:25:54 INFO  no build target found for /home/dumpy/Projects/autolink/testing/dynamodb-test/DynamoDBReadWrite.java. Using fallback presentation compiler.
2026.01.28 22:25:54 INFO  no build target found for /home/dumpy/Projects/autolink/testing/dynamodb-test/DynamoDBReadWrite.java. Using fallback presentation compiler.
2026.01.28 22:25:54 INFO  no build target found for /home/dumpy/Projects/autolink/testing/dynamodb-test/DynamoDBReadWrite.java. Using fallback presentation compiler.
2026.01.28 22:25:56 INFO  no build target found for /home/dumpy/Projects/autolink/testing/dynamodb-test/DynamoDBReadWrite.java. Using fallback presentation compiler.
2026.01.28 22:26:08 INFO  no build target found for /home/dumpy/Projects/autolink/testing/dynamodb-test/DynamoDBReadWrite.java. Using fallback presentation compiler.
2026.01.28 22:26:08 INFO  no build target found for /home/dumpy/Projects/autolink/testing/dynamodb-test/DynamoDBReadWrite.java. Using fallback presentation compiler.
2026.01.28 22:26:10 INFO  no build target found for /home/dumpy/Projects/autolink/testing/dynamodb-test/DynamoDBReadWrite.java. Using fallback presentation compiler.
2026.01.28 22:26:10 INFO  no build target found for /home/dumpy/Projects/autolink/testing/dynamodb-test/DynamoDBReadWrite.java. Using fallback presentation compiler.
2026.01.28 22:26:37 INFO  no build target found for /home/dumpy/Projects/autolink/testing/dynamodb-test/DynamoDBReadWrite.java. Using fallback presentation compiler.
2026.01.28 22:26:37 INFO  no build target found for /home/dumpy/Projects/autolink/testing/dynamodb-test/DynamoDBReadWrite.java. Using fallback presentation compiler.
2026.01.28 22:26:37 INFO  no build target found for /home/dumpy/Projects/autolink/testing/dynamodb-test/DynamoDBReadWrite.java. Using fallback presentation compiler.
2026.01.28 22:26:49 INFO  no build target found for /home/dumpy/Projects/autolink/testing/dynamodb-test/DynamoDBReadWrite.java. Using fallback presentation compiler.
2026.01.28 22:26:50 INFO  no build target found for /home/dumpy/Projects/autolink/testing/dynamodb-test/DynamoDBReadWrite.java. Using fallback presentation compiler.
2026.01.28 22:26:50 INFO  no build target found for /home/dumpy/Projects/autolink/testing/dynamodb-test/DynamoDBReadWrite.java. Using fallback presentation compiler.
2026.01.28 22:26:50 INFO  no build target found for /home/dumpy/Projects/autolink/testing/dynamodb-test/DynamoDBReadWrite.java. Using fallback presentation compiler.
2026.01.28 22:26:50 INFO  no build target found for /home/dumpy/Projects/autolink/testing/dynamodb-test/DynamoDBReadWrite.java. Using fallback presentation compiler.
2026.01.28 22:30:15 INFO  no build target found for /home/dumpy/Projects/autolink/testing/dynamodb-test/DynamoDBReadWrite.java. Using fallback presentation compiler.
2026.01.28 22:30:15 INFO  no build target found for /home/dumpy/Projects/autolink/testing/dynamodb-test/DynamoDBReadWrite.java. Using fallback presentation compiler.
2026.01.28 22:30:15 INFO  no build target found for /home/dumpy/Projects/autolink/testing/dynamodb-test/DynamoDBReadWrite.java. Using fallback presentation compiler.
2026.01.28 22:48:47 INFO  no build target found for /home/dumpy/Projects/autolink/testing/dynamodb-test/DynamoDBReadWrite.java. Using fallback presentation compiler.
Jan 28, 2026 11:02:12 PM org.eclipse.lsp4j.jsonrpc.RemoteEndpoint handleNotification
WARNING: Notification threw an exception: {
  "jsonrpc": "2.0",
  "method": "metals/didFocusTextDocument",
  "params": [
    "vscode-chat-code-block://d2fb647e-00c9-4bc8-aa0c-7a9815a65432/response_23b0ab96-2b3c-4828-a175-87dc1bed6507/1#%7B%22references%22%3A%5B%7B%22uri%22%3A%7B%22%24mid%22%3A1%2C%22fsPath%22%3A%22%2Fhome%2Fdumpy%2FProjects%2Fautolink%2Ftesting%2Fdynamodb-test%2FDynamoDBReadWrite.java%22%2C%22external%22%3A%22file%3A%2F%2F%2Fhome%2Fdumpy%2FProjects%2Fautolink%2Ftesting%2Fdynamodb-test%2FDynamoDBReadWrite.java%22%2C%22path%22%3A%22%2Fhome%2Fdumpy%2FProjects%2Fautolink%2Ftesting%2Fdynamodb-test%2FDynamoDBReadWrite.java%22%2C%22scheme%22%3A%22file%22%7D%7D%2C%7B%22uri%22%3A%7B%22%24mid%22%3A1%2C%22fsPath%22%3A%22%2Fhome%2Fdumpy%2FProjects%2Fautolink%2Ftesting%2Fdynamodb-test%2Fserver.js%22%2C%22external%22%3A%22file%3A%2F%2F%2Fhome%2Fdumpy%2FProjects%2Fautolink%2Ftesting%2Fdynamodb-test%2Fserver.js%22%2C%22path%22%3A%22%2Fhome%2Fdumpy%2FProjects%2Fautolink%2Ftesting%2Fdynamodb-test%2Fserver.js%22%2C%22scheme%22%3A%22file%22%7D%7D%5D%7D"
  ]
}
java.nio.file.FileSystemNotFoundException: Provider "vscode-chat-code-block" not installed
	at java.base/java.nio.file.Path.of(Path.java:213)
	at java.base/java.nio.file.Paths.get(Paths.java:98)
	at scala.meta.internal.mtags.MtagsEnrichments$XtensionURIMtags.toAbsolutePath(MtagsEnrichments.scala:149)
	at scala.meta.internal.mtags.MtagsEnrichments$XtensionStringMtags.toAbsolutePath(MtagsEnrichments.scala:209)
	at scala.meta.internal.metals.MetalsEnrichments$XtensionString.toAbsolutePath(MetalsEnrichments.scala:778)
	at scala.meta.internal.metals.MetalsEnrichments$XtensionString.toAbsolutePath(MetalsEnrichments.scala:775)
	at scala.meta.internal.metals.WorkspaceLspService.didFocus(WorkspaceLspService.scala:808)
	at scala.meta.metals.lsp.DelegatingScalaService.didFocus(DelegatingScalaService.scala:42)
	at java.base/jdk.internal.reflect.DirectMethodHandleAccessor.invoke(DirectMethodHandleAccessor.java:103)
	at java.base/java.lang.reflect.Method.invoke(Method.java:580)
	at org.eclipse.lsp4j.jsonrpc.services.GenericEndpoint.lambda$recursiveFindRpcMethods$0(GenericEndpoint.java:65)
	at org.eclipse.lsp4j.jsonrpc.services.GenericEndpoint.notify(GenericEndpoint.java:160)
	at org.eclipse.lsp4j.jsonrpc.RemoteEndpoint.handleNotification(RemoteEndpoint.java:231)
	at org.eclipse.lsp4j.jsonrpc.RemoteEndpoint.consume(RemoteEndpoint.java:198)
	at org.eclipse.lsp4j.jsonrpc.json.StreamMessageProducer.handleMessage(StreamMessageProducer.java:185)
	at org.eclipse.lsp4j.jsonrpc.json.StreamMessageProducer.listen(StreamMessageProducer.java:97)
	at org.eclipse.lsp4j.jsonrpc.json.ConcurrentMessageProcessor.run(ConcurrentMessageProcessor.java:114)
	at java.base/java.util.concurrent.Executors$RunnableAdapter.call(Executors.java:572)
	at java.base/java.util.concurrent.FutureTask.run(FutureTask.java:317)
	at java.base/java.util.concurrent.ThreadPoolExecutor.runWorker(ThreadPoolExecutor.java:1144)
	at java.base/java.util.concurrent.ThreadPoolExecutor$Worker.run(ThreadPoolExecutor.java:642)
	at java.base/java.lang.Thread.run(Thread.java:1583)

Jan 28, 2026 11:02:12 PM org.eclipse.lsp4j.jsonrpc.RemoteEndpoint handleNotification
WARNING: Notification threw an exception: {
  "jsonrpc": "2.0",
  "method": "metals/didFocusTextDocument",
  "params": [
    "vscode-chat-code-block://d2fb647e-00c9-4bc8-aa0c-7a9815a65432/response_23b0ab96-2b3c-4828-a175-87dc1bed6507/1#%7B%22references%22%3A%5B%7B%22uri%22%3A%7B%22%24mid%22%3A1%2C%22fsPath%22%3A%22%2Fhome%2Fdumpy%2FProjects%2Fautolink%2Ftesting%2Fdynamodb-test%2FDynamoDBReadWrite.java%22%2C%22external%22%3A%22file%3A%2F%2F%2Fhome%2Fdumpy%2FProjects%2Fautolink%2Ftesting%2Fdynamodb-test%2FDynamoDBReadWrite.java%22%2C%22path%22%3A%22%2Fhome%2Fdumpy%2FProjects%2Fautolink%2Ftesting%2Fdynamodb-test%2FDynamoDBReadWrite.java%22%2C%22scheme%22%3A%22file%22%7D%7D%2C%7B%22uri%22%3A%7B%22%24mid%22%3A1%2C%22fsPath%22%3A%22%2Fhome%2Fdumpy%2FProjects%2Fautolink%2Ftesting%2Fdynamodb-test%2Fserver.js%22%2C%22external%22%3A%22file%3A%2F%2F%2Fhome%2Fdumpy%2FProjects%2Fautolink%2Ftesting%2Fdynamodb-test%2Fserver.js%22%2C%22path%22%3A%22%2Fhome%2Fdumpy%2FProjects%2Fautolink%2Ftesting%2Fdynamodb-test%2Fserver.js%22%2C%22scheme%22%3A%22file%22%7D%7D%5D%7D"
  ]
}
java.nio.file.FileSystemNotFoundException: Provider "vscode-chat-code-block" not installed
	at java.base/java.nio.file.Path.of(Path.java:213)
	at java.base/java.nio.file.Paths.get(Paths.java:98)
	at scala.meta.internal.mtags.MtagsEnrichments$XtensionURIMtags.toAbsolutePath(MtagsEnrichments.scala:149)
	at scala.meta.internal.mtags.MtagsEnrichments$XtensionStringMtags.toAbsolutePath(MtagsEnrichments.scala:209)
	at scala.meta.internal.metals.MetalsEnrichments$XtensionString.toAbsolutePath(MetalsEnrichments.scala:778)
	at scala.meta.internal.metals.MetalsEnrichments$XtensionString.toAbsolutePath(MetalsEnrichments.scala:775)
	at scala.meta.internal.metals.WorkspaceLspService.didFocus(WorkspaceLspService.scala:808)
	at scala.meta.metals.lsp.DelegatingScalaService.didFocus(DelegatingScalaService.scala:42)
	at java.base/jdk.internal.reflect.DirectMethodHandleAccessor.invoke(DirectMethodHandleAccessor.java:103)
	at java.base/java.lang.reflect.Method.invoke(Method.java:580)
	at org.eclipse.lsp4j.jsonrpc.services.GenericEndpoint.lambda$recursiveFindRpcMethods$0(GenericEndpoint.java:65)
	at org.eclipse.lsp4j.jsonrpc.services.GenericEndpoint.notify(GenericEndpoint.java:160)
	at org.eclipse.lsp4j.jsonrpc.RemoteEndpoint.handleNotification(RemoteEndpoint.java:231)
	at org.eclipse.lsp4j.jsonrpc.RemoteEndpoint.consume(RemoteEndpoint.java:198)
	at org.eclipse.lsp4j.jsonrpc.json.StreamMessageProducer.handleMessage(StreamMessageProducer.java:185)
	at org.eclipse.lsp4j.jsonrpc.json.StreamMessageProducer.listen(StreamMessageProducer.java:97)
	at org.eclipse.lsp4j.jsonrpc.json.ConcurrentMessageProcessor.run(ConcurrentMessageProcessor.java:114)
	at java.base/java.util.concurrent.Executors$RunnableAdapter.call(Executors.java:572)
	at java.base/java.util.concurrent.FutureTask.run(FutureTask.java:317)
	at java.base/java.util.concurrent.ThreadPoolExecutor.runWorker(ThreadPoolExecutor.java:1144)
	at java.base/java.util.concurrent.ThreadPoolExecutor$Worker.run(ThreadPoolExecutor.java:642)
	at java.base/java.lang.Thread.run(Thread.java:1583)

Jan 28, 2026 11:02:16 PM org.eclipse.lsp4j.jsonrpc.RemoteEndpoint handleNotification
WARNING: Notification threw an exception: {
  "jsonrpc": "2.0",
  "method": "metals/didFocusTextDocument",
  "params": [
    "vscode-chat-code-block://d2fb647e-00c9-4bc8-aa0c-7a9815a65432/response_23b0ab96-2b3c-4828-a175-87dc1bed6507/1#%7B%22references%22%3A%5B%7B%22uri%22%3A%7B%22%24mid%22%3A1%2C%22fsPath%22%3A%22%2Fhome%2Fdumpy%2FProjects%2Fautolink%2Ftesting%2Fdynamodb-test%2FDynamoDBReadWrite.java%22%2C%22external%22%3A%22file%3A%2F%2F%2Fhome%2Fdumpy%2FProjects%2Fautolink%2Ftesting%2Fdynamodb-test%2FDynamoDBReadWrite.java%22%2C%22path%22%3A%22%2Fhome%2Fdumpy%2FProjects%2Fautolink%2Ftesting%2Fdynamodb-test%2FDynamoDBReadWrite.java%22%2C%22scheme%22%3A%22file%22%7D%7D%2C%7B%22uri%22%3A%7B%22%24mid%22%3A1%2C%22fsPath%22%3A%22%2Fhome%2Fdumpy%2FProjects%2Fautolink%2Ftesting%2Fdynamodb-test%2Fserver.js%22%2C%22external%22%3A%22file%3A%2F%2F%2Fhome%2Fdumpy%2FProjects%2Fautolink%2Ftesting%2Fdynamodb-test%2Fserver.js%22%2C%22path%22%3A%22%2Fhome%2Fdumpy%2FProjects%2Fautolink%2Ftesting%2Fdynamodb-test%2Fserver.js%22%2C%22scheme%22%3A%22file%22%7D%7D%5D%7D"
  ]
}
java.nio.file.FileSystemNotFoundException: Provider "vscode-chat-code-block" not installed
	at java.base/java.nio.file.Path.of(Path.java:213)
	at java.base/java.nio.file.Paths.get(Paths.java:98)
	at scala.meta.internal.mtags.MtagsEnrichments$XtensionURIMtags.toAbsolutePath(MtagsEnrichments.scala:149)
	at scala.meta.internal.mtags.MtagsEnrichments$XtensionStringMtags.toAbsolutePath(MtagsEnrichments.scala:209)
	at scala.meta.internal.metals.MetalsEnrichments$XtensionString.toAbsolutePath(MetalsEnrichments.scala:778)
	at scala.meta.internal.metals.MetalsEnrichments$XtensionString.toAbsolutePath(MetalsEnrichments.scala:775)
	at scala.meta.internal.metals.WorkspaceLspService.didFocus(WorkspaceLspService.scala:808)
	at scala.meta.metals.lsp.DelegatingScalaService.didFocus(DelegatingScalaService.scala:42)
	at java.base/jdk.internal.reflect.DirectMethodHandleAccessor.invoke(DirectMethodHandleAccessor.java:103)
	at java.base/java.lang.reflect.Method.invoke(Method.java:580)
	at org.eclipse.lsp4j.jsonrpc.services.GenericEndpoint.lambda$recursiveFindRpcMethods$0(GenericEndpoint.java:65)
	at org.eclipse.lsp4j.jsonrpc.services.GenericEndpoint.notify(GenericEndpoint.java:160)
	at org.eclipse.lsp4j.jsonrpc.RemoteEndpoint.handleNotification(RemoteEndpoint.java:231)
	at org.eclipse.lsp4j.jsonrpc.RemoteEndpoint.consume(RemoteEndpoint.java:198)
	at org.eclipse.lsp4j.jsonrpc.json.StreamMessageProducer.handleMessage(StreamMessageProducer.java:185)
	at org.eclipse.lsp4j.jsonrpc.json.StreamMessageProducer.listen(StreamMessageProducer.java:97)
	at org.eclipse.lsp4j.jsonrpc.json.ConcurrentMessageProcessor.run(ConcurrentMessageProcessor.java:114)
	at java.base/java.util.concurrent.Executors$RunnableAdapter.call(Executors.java:572)
	at java.base/java.util.concurrent.FutureTask.run(FutureTask.java:317)
	at java.base/java.util.concurrent.ThreadPoolExecutor.runWorker(ThreadPoolExecutor.java:1144)
	at java.base/java.util.concurrent.ThreadPoolExecutor$Worker.run(ThreadPoolExecutor.java:642)
	at java.base/java.lang.Thread.run(Thread.java:1583)

Jan 28, 2026 11:02:16 PM org.eclipse.lsp4j.jsonrpc.RemoteEndpoint handleNotification
WARNING: Notification threw an exception: {
  "jsonrpc": "2.0",
  "method": "metals/didFocusTextDocument",
  "params": [
    "vscode-chat-code-block://d2fb647e-00c9-4bc8-aa0c-7a9815a65432/response_23b0ab96-2b3c-4828-a175-87dc1bed6507/1#%7B%22references%22%3A%5B%7B%22uri%22%3A%7B%22%24mid%22%3A1%2C%22fsPath%22%3A%22%2Fhome%2Fdumpy%2FProjects%2Fautolink%2Ftesting%2Fdynamodb-test%2FDynamoDBReadWrite.java%22%2C%22external%22%3A%22file%3A%2F%2F%2Fhome%2Fdumpy%2FProjects%2Fautolink%2Ftesting%2Fdynamodb-test%2FDynamoDBReadWrite.java%22%2C%22path%22%3A%22%2Fhome%2Fdumpy%2FProjects%2Fautolink%2Ftesting%2Fdynamodb-test%2FDynamoDBReadWrite.java%22%2C%22scheme%22%3A%22file%22%7D%7D%2C%7B%22uri%22%3A%7B%22%24mid%22%3A1%2C%22fsPath%22%3A%22%2Fhome%2Fdumpy%2FProjects%2Fautolink%2Ftesting%2Fdynamodb-test%2Fserver.js%22%2C%22external%22%3A%22file%3A%2F%2F%2Fhome%2Fdumpy%2FProjects%2Fautolink%2Ftesting%2Fdynamodb-test%2Fserver.js%22%2C%22path%22%3A%22%2Fhome%2Fdumpy%2FProjects%2Fautolink%2Ftesting%2Fdynamodb-test%2Fserver.js%22%2C%22scheme%22%3A%22file%22%7D%7D%5D%7D"
  ]
}
java.nio.file.FileSystemNotFoundException: Provider "vscode-chat-code-block" not installed
	at java.base/java.nio.file.Path.of(Path.java:213)
	at java.base/java.nio.file.Paths.get(Paths.java:98)
	at scala.meta.internal.mtags.MtagsEnrichments$XtensionURIMtags.toAbsolutePath(MtagsEnrichments.scala:149)
	at scala.meta.internal.mtags.MtagsEnrichments$XtensionStringMtags.toAbsolutePath(MtagsEnrichments.scala:209)
	at scala.meta.internal.metals.MetalsEnrichments$XtensionString.toAbsolutePath(MetalsEnrichments.scala:778)
	at scala.meta.internal.metals.MetalsEnrichments$XtensionString.toAbsolutePath(MetalsEnrichments.scala:775)
	at scala.meta.internal.metals.WorkspaceLspService.didFocus(WorkspaceLspService.scala:808)
	at scala.meta.metals.lsp.DelegatingScalaService.didFocus(DelegatingScalaService.scala:42)
	at java.base/jdk.internal.reflect.DirectMethodHandleAccessor.invoke(DirectMethodHandleAccessor.java:103)
	at java.base/java.lang.reflect.Method.invoke(Method.java:580)
	at org.eclipse.lsp4j.jsonrpc.services.GenericEndpoint.lambda$recursiveFindRpcMethods$0(GenericEndpoint.java:65)
	at org.eclipse.lsp4j.jsonrpc.services.GenericEndpoint.notify(GenericEndpoint.java:160)
	at org.eclipse.lsp4j.jsonrpc.RemoteEndpoint.handleNotification(RemoteEndpoint.java:231)
	at org.eclipse.lsp4j.jsonrpc.RemoteEndpoint.consume(RemoteEndpoint.java:198)
	at org.eclipse.lsp4j.jsonrpc.json.StreamMessageProducer.handleMessage(StreamMessageProducer.java:185)
	at org.eclipse.lsp4j.jsonrpc.json.StreamMessageProducer.listen(StreamMessageProducer.java:97)
	at org.eclipse.lsp4j.jsonrpc.json.ConcurrentMessageProcessor.run(ConcurrentMessageProcessor.java:114)
	at java.base/java.util.concurrent.Executors$RunnableAdapter.call(Executors.java:572)
	at java.base/java.util.concurrent.FutureTask.run(FutureTask.java:317)
	at java.base/java.util.concurrent.ThreadPoolExecutor.runWorker(ThreadPoolExecutor.java:1144)
	at java.base/java.util.concurrent.ThreadPoolExecutor$Worker.run(ThreadPoolExecutor.java:642)
	at java.base/java.lang.Thread.run(Thread.java:1583)

2026.01.28 23:21:28 WARN  no build target for: /home/dumpy/Projects/autolink/testing/dynamodb-test/DynamoDBReadWrite.java
2026.01.28 23:21:28 INFO  no build target found for /home/dumpy/Projects/autolink/testing/dynamodb-test/DynamoDBReadWrite.java. Using fallback presentation compiler.
2026.01.28 23:21:30 INFO  no build target found for /home/dumpy/Projects/autolink/testing/dynamodb-test/DynamoDBReadWrite.java. Using fallback presentation compiler.
2026.01.28 23:27:58 INFO  no build target found for /home/dumpy/Projects/autolink/testing/dynamodb-test/DynamoDBReadWrite.java. Using fallback presentation compiler.
Jan 28, 2026 11:33:52 PM org.eclipse.lsp4j.jsonrpc.services.GenericEndpoint notify
INFO: Unsupported notification method: $/setTrace
